#
# A fatal error has been detected by the Java Runtime Environment:
#
#  Internal Error (safepoint.cpp:691), pid=11772, tid=0x0000000000006710
#  fatal error: : Deadlock in safepoint code.  Should have called back to the VM before blocking.
#
# JRE version: Java(TM) SE Runtime Environment (8.0_351-b10) (build 1.8.0_351-b10)
# Java VM: Java HotSpot(TM) 64-Bit Server VM (25.351-b10 mixed mode windows-amd64 compressed oops)
# Failed to write core dump. Minidumps are not enabled by default on client versions of Windows
#
# If you would like to submit a bug report, please visit:
#   http://bugreport.java.com/bugreport/crash.jsp
#

---------------  T H R E A D  ---------------

Current thread (0x000001db995aa000):  JavaThread "JavaFX Application Thread" [_thread_in_native_trans, id=26384, stack(0x00000028b8e00000,0x00000028b8f00000)]

Stack: [0x00000028b8e00000,0x00000028b8f00000]
Native frames: (J=compiled Java code, j=interpreted, Vv=VM code, C=native code)
V  [jvm.dll+0x3300b9]
V  [jvm.dll+0x276632]
V  [jvm.dll+0x2772dd]
V  [jvm.dll+0x26d8b3]
V  [jvm.dll+0x222d0e]
V  [jvm.dll+0x238e6c]
V  [jvm.dll+0x14d8b9]
C  [glass.dll+0x265c]
C  [glass.dll+0x1ba3b]
C  [glass.dll+0x1c22f]
C  [glass.dll+0x17bb]
C  [USER32.dll+0x18161]
C  [USER32.dll+0x17e1c]
C  [USER32.dll+0x252fc]
C  [ntdll.dll+0xa2e44]
C  [win32u.dll+0x1554]
C  [USER32.dll+0x16575]
C  [USER32.dll+0x16082]
C  [uxtheme.dll+0x1f490]
C  [uxtheme.dll+0x3032]
C  [uxtheme.dll+0x16d9c]
C  [uxtheme.dll+0x15821]
C  [USER32.dll+0x16205]
C  [glass.dll+0x1c8ea]
C  [glass.dll+0x17bb]
C  [USER32.dll+0x18161]
C  [USER32.dll+0x17c21]
C  [glass.dll+0xa72d]
C  0x000001db800199ee

Java frames: (J=compiled Java code, j=interpreted, Vv=VM code)
j  com.sun.glass.ui.win.WinApplication._runLoop(Ljava/lang/Runnable;)V+0
j  com.sun.glass.ui.win.WinApplication.lambda$null$4(ILjava/lang/Runnable;)V+8
j  com.sun.glass.ui.win.WinApplication$$Lambda$38.run()V+12
j  java.lang.Thread.run()V+11
v  ~StubRoutines::call_stub

---------------  P R O C E S S  ---------------

Java Threads: ( => current thread )
  0x000001db9efd5800 JavaThread "Thread-4" [_thread_in_native, id=23816, stack(0x00000028b9e00000,0x00000028b9f00000)]
  0x000001db99b33000 JavaThread "Prism Font Disposer" daemon [_thread_blocked, id=25624, stack(0x00000028b9c00000,0x00000028b9d00000)]
  0x000001db99823800 JavaThread "Thread-3" daemon [_thread_blocked, id=9144, stack(0x00000028b9900000,0x00000028b9a00000)]
  0x000001db99818000 JavaThread "JavaFX-Launcher" [_thread_blocked, id=9320, stack(0x00000028b9a00000,0x00000028b9b00000)]
=>0x000001db995aa000 JavaThread "JavaFX Application Thread" [_thread_in_native_trans, id=26384, stack(0x00000028b8e00000,0x00000028b8f00000)]
  0x000001db995a9000 JavaThread "Thread-1" daemon [_thread_blocked, id=17612, stack(0x00000028b8d00000,0x00000028b8e00000)]
  0x000001db994b2800 JavaThread "QuantumRenderer-0" daemon [_thread_blocked, id=15344, stack(0x00000028b8a00000,0x00000028b8b00000)]
  0x000001db98f1f000 JavaThread "Service Thread" daemon [_thread_blocked, id=13044, stack(0x00000028b8800000,0x00000028b8900000)]
  0x000001db98ead000 JavaThread "C1 CompilerThread11" daemon [_thread_blocked, id=23572, stack(0x00000028b8700000,0x00000028b8800000)]
  0x000001db98ea9800 JavaThread "C1 CompilerThread10" daemon [_thread_blocked, id=9340, stack(0x00000028b8600000,0x00000028b8700000)]
  0x000001db98e86800 JavaThread "C1 CompilerThread9" daemon [_thread_blocked, id=23304, stack(0x00000028b8500000,0x00000028b8600000)]
  0x000001db98e6f000 JavaThread "C1 CompilerThread8" daemon [_thread_blocked, id=19852, stack(0x00000028b8400000,0x00000028b8500000)]
  0x000001db98e55800 JavaThread "C2 CompilerThread7" daemon [_thread_blocked, id=13428, stack(0x00000028b8300000,0x00000028b8400000)]
  0x000001db98e4a800 JavaThread "C2 CompilerThread6" daemon [_thread_blocked, id=23928, stack(0x00000028b8200000,0x00000028b8300000)]
  0x000001db98e49800 JavaThread "C2 CompilerThread5" daemon [_thread_blocked, id=5484, stack(0x00000028b8100000,0x00000028b8200000)]
  0x000001db98e3c000 JavaThread "C2 CompilerThread4" daemon [_thread_blocked, id=10024, stack(0x00000028b8000000,0x00000028b8100000)]
  0x000001db98e37000 JavaThread "C2 CompilerThread3" daemon [_thread_blocked, id=18768, stack(0x00000028b7f00000,0x00000028b8000000)]
  0x000001db98e33000 JavaThread "C2 CompilerThread2" daemon [_thread_blocked, id=23104, stack(0x00000028b7e00000,0x00000028b7f00000)]
  0x000001db98e30800 JavaThread "C2 CompilerThread1" daemon [_thread_blocked, id=22544, stack(0x00000028b7d00000,0x00000028b7e00000)]
  0x000001db98e2e800 JavaThread "C2 CompilerThread0" daemon [_thread_blocked, id=2988, stack(0x00000028b7c00000,0x00000028b7d00000)]
  0x000001dbff66e000 JavaThread "Attach Listener" daemon [_thread_blocked, id=8220, stack(0x00000028b7b00000,0x00000028b7c00000)]
  0x000001dbff66d800 JavaThread "Signal Dispatcher" daemon [_thread_blocked, id=8332, stack(0x00000028b7a00000,0x00000028b7b00000)]
  0x000001dbff656000 JavaThread "Finalizer" daemon [_thread_blocked, id=21856, stack(0x00000028b7900000,0x00000028b7a00000)]
  0x000001dbff64f000 JavaThread "Reference Handler" daemon [_thread_blocked, id=21836, stack(0x00000028b7800000,0x00000028b7900000)]
  0x000001dbfb7b7000 JavaThread "main" [_thread_blocked, id=24184, stack(0x00000028b6900000,0x00000028b6a00000)]

Other Threads:
  0x000001dbff647800 VMThread [stack: 0x00000028b7700000,0x00000028b7800000] [id=16776]
  0x000001db98f21800 WatcherThread [stack: 0x00000028b8900000,0x00000028b8a00000] [id=17164]

VM state:synchronizing (normal execution)

VM Mutex/Monitor currently owned by a thread:  ([mutex/lock_event])
[0x000001dbfb7b49c0] Threads_lock - owner thread: 0x000001dbff647800

heap address: 0x00000006ca400000, size: 3932 MB, Compressed Oops mode: Zero based, Oop shift amount: 3
Narrow klass base: 0x0000000000000000, Narrow klass shift: 3
Compressed class space size: 1073741824 Address: 0x00000007c0000000

Heap:
 PSYoungGen      total 73728K, used 51789K [0x000000076e180000, 0x0000000773380000, 0x00000007c0000000)
  eden space 63488K, 81% used [0x000000076e180000,0x0000000771413538,0x0000000771f80000)
  from space 10240K, 0% used [0x0000000772980000,0x0000000772980000,0x0000000773380000)
  to   space 10240K, 0% used [0x0000000771f80000,0x0000000771f80000,0x0000000772980000)
 ParOldGen       total 167936K, used 0K [0x00000006ca400000, 0x00000006d4800000, 0x000000076e180000)
  object space 167936K, 0% used [0x00000006ca400000,0x00000006ca400000,0x00000006d4800000)
 Metaspace       used 18169K, capacity 19356K, committed 19584K, reserved 1067008K
  class space    used 2672K, capacity 2899K, committed 2944K, reserved 1048576K

Card table byte_map: [0x000001dbfd6f0000,0x000001dbfdea0000] byte_map_base: 0x000001dbfa09e000

Marking Bits: (ParMarkBitMap*) 0x0000000076d28fd0
 Begin Bits: [0x000001db8f000000, 0x000001db92d70000)
 End Bits:   [0x000001db92d70000, 0x000001db96ae0000)

Polling page: 0x000001dbfba90000

CodeCache: size=245760Kb used=7777Kb max_used=7807Kb free=237982Kb
 bounds [0x000001db80000000, 0x000001db807b0000, 0x000001db8f000000]
 total_blobs=2581 nmethods=1920 adapters=571
 compilation: enabled

Compilation events (10 events):
Event: 3.235 Thread 0x000001db98e6f000 nmethod 1916 0x000001db80785150 code [0x000001db80785300, 0x000001db807859f0]
Event: 3.236 Thread 0x000001db98ead000 1920       3       com.sun.prism.impl.ps.BaseShaderContext::setTexture (52 bytes)
Event: 3.236 Thread 0x000001db98ea9800 1917       1       com.sun.prism.impl.ps.BaseShaderContext$State::access$000 (5 bytes)
Event: 3.236 Thread 0x000001db98e86800 1918       1       com.sun.prism.impl.ps.BaseShaderContext$State::access$900 (5 bytes)
Event: 3.236 Thread 0x000001db98e6f000 1919       1       com.sun.prism.impl.ps.BaseShaderContext$State::access$1000 (5 bytes)
Event: 3.236 Thread 0x000001db98e86800 nmethod 1918 0x000001db80784e90 code [0x000001db80784fe0, 0x000001db807850d8]
Event: 3.236 Thread 0x000001db98e6f000 nmethod 1919 0x000001db80784bd0 code [0x000001db80784d20, 0x000001db80784e18]
Event: 3.236 Thread 0x000001db98ea9800 nmethod 1917 0x000001db80784910 code [0x000001db80784a60, 0x000001db80784b58]
Event: 3.237 Thread 0x000001db98ead000 nmethod 1920 0x000001db80783a50 code [0x000001db80783c20, 0x000001db807845c0]
Event: 3.293 Thread 0x000001db98e37000 nmethod 1716 0x000001db80798fd0 code [0x000001db80799540, 0x000001db8079df90]

GC Heap History (0 events):
No events

Deoptimization events (10 events):
Event: 1.067 Thread 0x000001db995aa000 Uncommon trap: reason=class_check action=maybe_recompile pc=0x000001db802c94d0 method=java.lang.String.equals(Ljava/lang/Object;)Z @ 8
Event: 1.067 Thread 0x000001db995aa000 Uncommon trap: reason=class_check action=maybe_recompile pc=0x000001db802c94d0 method=java.lang.String.equals(Ljava/lang/Object;)Z @ 8
Event: 1.069 Thread 0x000001db995aa000 Uncommon trap: reason=class_check action=maybe_recompile pc=0x000001db802c94d0 method=java.lang.String.equals(Ljava/lang/Object;)Z @ 8
Event: 1.124 Thread 0x000001db995aa000 Uncommon trap: reason=unstable_if action=reinterpret pc=0x000001db805039a4 method=java.lang.String.regionMatches(ZILjava/lang/String;II)Z @ 123
Event: 1.171 Thread 0x000001db995aa000 Uncommon trap: reason=unstable_if action=reinterpret pc=0x000001db804c83f0 method=sun.net.www.ParseUtil.encodePath(Ljava/lang/String;Z)Ljava/lang/String; @ 109
Event: 1.300 Thread 0x000001db995aa000 Uncommon trap: reason=unstable_if action=reinterpret pc=0x000001db8050d328 method=jdk.internal.org.objectweb.asm.Type.getArgumentsAndReturnSizes(Ljava/lang/String;)I @ 47
Event: 3.103 Thread 0x000001db995aa000 Uncommon trap: reason=array_check action=maybe_recompile pc=0x000001db80711b84 method=com.sun.javafx.css.SimpleSelector.applies(Ljavafx/css/Styleable;[Ljava/util/Set;I)Z @ 37
Event: 3.103 Thread 0x000001db995aa000 Uncommon trap: reason=array_check action=maybe_recompile pc=0x000001db80711b84 method=com.sun.javafx.css.SimpleSelector.applies(Ljavafx/css/Styleable;[Ljava/util/Set;I)Z @ 37
Event: 3.103 Thread 0x000001db995aa000 Uncommon trap: reason=array_check action=maybe_recompile pc=0x000001db80711b84 method=com.sun.javafx.css.SimpleSelector.applies(Ljavafx/css/Styleable;[Ljava/util/Set;I)Z @ 37
Event: 3.103 Thread 0x000001db995aa000 Uncommon trap: reason=array_check action=maybe_recompile pc=0x000001db80711b84 method=com.sun.javafx.css.SimpleSelector.applies(Ljavafx/css/Styleable;[Ljava/util/Set;I)Z @ 37

Classes redefined (0 events):
No events

Internal exceptions (9 events):
Event: 0.036 Thread 0x000001dbfb7b7000 Exception <a 'java/lang/NoSuchMethodError': Method sun.misc.Unsafe.defineClass(Ljava/lang/String;[BII)Ljava/lang/Class; name or signature does not match> (0x000000076e187ce0) thrown at [C:\jenkins\workspace\8-2-build-windows-x64-cygwin\jdk8u351\2908\hotsp
Event: 0.036 Thread 0x000001dbfb7b7000 Exception <a 'java/lang/NoSuchMethodError': Method sun.misc.Unsafe.prefetchRead(Ljava/lang/Object;J)V name or signature does not match> (0x000000076e187fc8) thrown at [C:\jenkins\workspace\8-2-build-windows-x64-cygwin\jdk8u351\2908\hotspot\src\share\vm\pr
Event: 0.148 Thread 0x000001dbfb7b7000 Exception <a 'java/lang/NoSuchFieldError': method resolution failed> (0x000000076e7e9330) thrown at [C:\jenkins\workspace\8-2-build-windows-x64-cygwin\jdk8u351\2908\hotspot\src\share\vm\prims\methodHandles.cpp, line 1188]
Event: 0.149 Thread 0x000001dbfb7b7000 Exception <a 'java/lang/NoSuchFieldError': method resolution failed> (0x000000076e7f6680) thrown at [C:\jenkins\workspace\8-2-build-windows-x64-cygwin\jdk8u351\2908\hotspot\src\share\vm\prims\methodHandles.cpp, line 1188]
Event: 0.172 Thread 0x000001dbfb7b7000 Exception <a 'java/security/PrivilegedActionException'> (0x000000076e882ab0) thrown at [C:\jenkins\workspace\8-2-build-windows-x64-cygwin\jdk8u351\2908\hotspot\src\share\vm\prims\jvm.cpp, line 1513]
Event: 0.172 Thread 0x000001dbfb7b7000 Exception <a 'java/security/PrivilegedActionException'> (0x000000076e882cc0) thrown at [C:\jenkins\workspace\8-2-build-windows-x64-cygwin\jdk8u351\2908\hotspot\src\share\vm\prims\jvm.cpp, line 1513]
Event: 0.173 Thread 0x000001dbfb7b7000 Exception <a 'java/lang/NullPointerException'> (0x000000076e883298) thrown at [C:\jenkins\workspace\8-2-build-windows-x64-cygwin\jdk8u351\2908\hotspot\src\share\vm\interpreter\linkResolver.cpp, line 1185]
Event: 0.622 Thread 0x000001db995aa000 Exception <a 'java/lang/NullPointerException'> (0x000000076f48a240) thrown at [C:\jenkins\workspace\8-2-build-windows-x64-cygwin\jdk8u351\2908\hotspot\src\share\vm\interpreter\linkResolver.cpp, line 1185]
Event: 0.622 Thread 0x000001db995aa000 Exception <a 'java/lang/NullPointerException'> (0x000000076f48a240) thrown at [C:\jenkins\workspace\8-2-build-windows-x64-cygwin\jdk8u351\2908\hotspot\src\share\vm\prims\jvm.cpp, line 1517]

Events (10 events):
Event: 3.229 loading class com/sun/scenario/effect/impl/ImagePool$1
Event: 3.229 loading class com/sun/scenario/effect/impl/ImagePool$1 done
Event: 3.229 loading class com/sun/scenario/effect/impl/prism/ps/PPSRenderer$1
Event: 3.229 loading class com/sun/scenario/effect/impl/prism/ps/PPSRenderer$1 done
Event: 3.230 loading class com/sun/scenario/effect/impl/prism/ps/PPSRenderer$2
Event: 3.230 loading class com/sun/scenario/effect/impl/prism/ps/PPSRenderer$2 done
Event: 3.232 loading class com/sun/scenario/effect/ImageData$1
Event: 3.232 loading class com/sun/scenario/effect/ImageData$1 done
Event: 3.233 loading class com/sun/javafx/geom/transform/AffineBase$1
Event: 3.233 loading class com/sun/javafx/geom/transform/AffineBase$1 done


Dynamic libraries:
0x00007ff62fc20000 - 0x00007ff62fc67000 	C:\Program Files\Java\jre1.8.0_351\bin\javaw.exe
0x00007ffb02d50000 - 0x00007ffb02f64000 	C:\WINDOWS\SYSTEM32\ntdll.dll
0x00007ffb01fb0000 - 0x00007ffb02072000 	C:\WINDOWS\System32\KERNEL32.DLL
0x00007ffb00570000 - 0x00007ffb0090d000 	C:\WINDOWS\System32\KERNELBASE.dll
0x00007ffb011e0000 - 0x00007ffb0128e000 	C:\WINDOWS\System32\ADVAPI32.dll
0x00007ffb01b10000 - 0x00007ffb01bb7000 	C:\WINDOWS\System32\msvcrt.dll
0x00007ffb01f00000 - 0x00007ffb01fa4000 	C:\WINDOWS\System32\sechost.dll
0x00007ffb00b90000 - 0x00007ffb00ca5000 	C:\WINDOWS\System32\RPCRT4.dll
0x00007ffb01820000 - 0x00007ffb019ca000 	C:\WINDOWS\System32\USER32.dll
0x00007ffb004d0000 - 0x00007ffb004f6000 	C:\WINDOWS\System32\win32u.dll
0x00007ffb02080000 - 0x00007ffb020a9000 	C:\WINDOWS\System32\GDI32.dll
0x00007ffb00180000 - 0x00007ffb00292000 	C:\WINDOWS\System32\gdi32full.dll
0x00007ffb00910000 - 0x00007ffb009aa000 	C:\WINDOWS\System32\msvcp_win.dll
0x00007ffb009b0000 - 0x00007ffb00ac1000 	C:\WINDOWS\System32\ucrtbase.dll
0x00007ffaee190000 - 0x00007ffaee41e000 	C:\WINDOWS\WinSxS\amd64_microsoft.windows.common-controls_6595b64144ccf1df_6.0.22621.608_none_a9444ca7c10bb01d\COMCTL32.dll
0x00007ffb022b0000 - 0x00007ffb022e2000 	C:\WINDOWS\System32\IMM32.DLL
0x00007ffaf8f90000 - 0x00007ffaf8fa5000 	C:\Program Files\Java\jre1.8.0_351\bin\vcruntime140.dll
0x00007ffaac310000 - 0x00007ffaac3ab000 	C:\Program Files\Java\jre1.8.0_351\bin\msvcp140.dll
0x0000000076540000 - 0x0000000076da1000 	C:\Program Files\Java\jre1.8.0_351\bin\server\jvm.dll
0x00007ffb01e60000 - 0x00007ffb01e68000 	C:\WINDOWS\System32\PSAPI.DLL
0x00007ffafd400000 - 0x00007ffafd434000 	C:\WINDOWS\SYSTEM32\WINMM.dll
0x00007ffafd540000 - 0x00007ffafd549000 	C:\WINDOWS\SYSTEM32\WSOCK32.dll
0x00007ffaf4f70000 - 0x00007ffaf4f7a000 	C:\WINDOWS\SYSTEM32\VERSION.dll
0x00007ffb019d0000 - 0x00007ffb01a41000 	C:\WINDOWS\System32\WS2_32.dll
0x00007ffaff1f0000 - 0x00007ffaff208000 	C:\WINDOWS\SYSTEM32\kernel.appcore.dll
0x00007ffaec350000 - 0x00007ffaec360000 	C:\Program Files\Java\jre1.8.0_351\bin\verify.dll
0x00007ffae9b10000 - 0x00007ffae9b3b000 	C:\Program Files\Java\jre1.8.0_351\bin\java.dll
0x00007ffaec330000 - 0x00007ffaec348000 	C:\Program Files\Java\jre1.8.0_351\bin\zip.dll
0x00007ffb02530000 - 0x00007ffb02d10000 	C:\WINDOWS\System32\SHELL32.dll
0x00007ffafe180000 - 0x00007ffafea45000 	C:\WINDOWS\SYSTEM32\windows.storage.dll
0x00007ffb00cb0000 - 0x00007ffb0103a000 	C:\WINDOWS\System32\combase.dll
0x00007ffafe040000 - 0x00007ffafe17e000 	C:\WINDOWS\SYSTEM32\wintypes.dll
0x00007ffb01720000 - 0x00007ffb01811000 	C:\WINDOWS\System32\SHCORE.dll
0x00007ffb01ca0000 - 0x00007ffb01cfe000 	C:\WINDOWS\System32\shlwapi.dll
0x00007ffb000b0000 - 0x00007ffb000d1000 	C:\WINDOWS\SYSTEM32\profapi.dll
0x000001dbfbb20000 - 0x000001dbfbb23000 	C:\Program Files\Java\jre1.8.0_351\bin\api-ms-win-core-console-l1-1-0.dll
0x000001dbfbb30000 - 0x000001dbfbb33000 	C:\Program Files\Java\jre1.8.0_351\bin\api-ms-win-core-console-l1-2-0.dll
0x000001dbfbb40000 - 0x000001dbfbb43000 	C:\Program Files\Java\jre1.8.0_351\bin\api-ms-win-core-datetime-l1-1-0.dll
0x000001dbfbb50000 - 0x000001dbfbb53000 	C:\Program Files\Java\jre1.8.0_351\bin\api-ms-win-core-debug-l1-1-0.dll
0x000001dbfbb60000 - 0x000001dbfbb63000 	C:\Program Files\Java\jre1.8.0_351\bin\api-ms-win-core-errorhandling-l1-1-0.dll
0x000001dbfbb70000 - 0x000001dbfbb74000 	C:\Program Files\Java\jre1.8.0_351\bin\api-ms-win-core-file-l1-1-0.dll
0x000001db99c00000 - 0x000001db99c03000 	C:\Program Files\Java\jre1.8.0_351\bin\api-ms-win-core-file-l1-2-0.dll
0x000001db99c10000 - 0x000001db99c13000 	C:\Program Files\Java\jre1.8.0_351\bin\api-ms-win-core-file-l2-1-0.dll
0x000001db99c20000 - 0x000001db99c23000 	C:\Program Files\Java\jre1.8.0_351\bin\api-ms-win-core-handle-l1-1-0.dll
0x000001db99c30000 - 0x000001db99c33000 	C:\Program Files\Java\jre1.8.0_351\bin\api-ms-win-core-heap-l1-1-0.dll
0x000001db99c40000 - 0x000001db99c43000 	C:\Program Files\Java\jre1.8.0_351\bin\api-ms-win-core-interlocked-l1-1-0.dll
0x000001db99c50000 - 0x000001db99c53000 	C:\Program Files\Java\jre1.8.0_351\bin\api-ms-win-core-libraryloader-l1-1-0.dll
0x000001db99c60000 - 0x000001db99c63000 	C:\Program Files\Java\jre1.8.0_351\bin\api-ms-win-core-localization-l1-2-0.dll
0x000001db99c70000 - 0x000001db99c73000 	C:\Program Files\Java\jre1.8.0_351\bin\api-ms-win-core-memory-l1-1-0.dll
0x000001db99c80000 - 0x000001db99c83000 	C:\Program Files\Java\jre1.8.0_351\bin\api-ms-win-core-namedpipe-l1-1-0.dll
0x000001db99c90000 - 0x000001db99c93000 	C:\Program Files\Java\jre1.8.0_351\bin\api-ms-win-core-processenvironment-l1-1-0.dll
0x000001db99ca0000 - 0x000001db99ca3000 	C:\Program Files\Java\jre1.8.0_351\bin\api-ms-win-core-processthreads-l1-1-0.dll
0x000001db99cb0000 - 0x000001db99cb3000 	C:\Program Files\Java\jre1.8.0_351\bin\api-ms-win-core-processthreads-l1-1-1.dll
0x000001db99cc0000 - 0x000001db99cc3000 	C:\Program Files\Java\jre1.8.0_351\bin\api-ms-win-core-profile-l1-1-0.dll
0x000001db99cd0000 - 0x000001db99cd3000 	C:\Program Files\Java\jre1.8.0_351\bin\api-ms-win-core-rtlsupport-l1-1-0.dll
0x000001db99ce0000 - 0x000001db99ce3000 	C:\Program Files\Java\jre1.8.0_351\bin\api-ms-win-core-string-l1-1-0.dll
0x000001db99cf0000 - 0x000001db99cf3000 	C:\Program Files\Java\jre1.8.0_351\bin\api-ms-win-core-synch-l1-1-0.dll
0x000001db99d00000 - 0x000001db99d03000 	C:\Program Files\Java\jre1.8.0_351\bin\api-ms-win-core-synch-l1-2-0.dll
0x000001db99d10000 - 0x000001db99d13000 	C:\Program Files\Java\jre1.8.0_351\bin\api-ms-win-core-sysinfo-l1-1-0.dll
0x000001db99d20000 - 0x000001db99d23000 	C:\Program Files\Java\jre1.8.0_351\bin\api-ms-win-core-timezone-l1-1-0.dll
0x000001db99d30000 - 0x000001db99d33000 	C:\Program Files\Java\jre1.8.0_351\bin\api-ms-win-core-util-l1-1-0.dll
0x000001db99d40000 - 0x000001db99d43000 	C:\Program Files\Java\jre1.8.0_351\bin\api-ms-win-crt-conio-l1-1-0.dll
0x000001db99d50000 - 0x000001db99d54000 	C:\Program Files\Java\jre1.8.0_351\bin\api-ms-win-crt-convert-l1-1-0.dll
0x000001db99d60000 - 0x000001db99d63000 	C:\Program Files\Java\jre1.8.0_351\bin\api-ms-win-crt-environment-l1-1-0.dll
0x000001db99d70000 - 0x000001db99d73000 	C:\Program Files\Java\jre1.8.0_351\bin\api-ms-win-crt-filesystem-l1-1-0.dll
0x000001db99d80000 - 0x000001db99d83000 	C:\Program Files\Java\jre1.8.0_351\bin\api-ms-win-crt-heap-l1-1-0.dll
0x000001db99d90000 - 0x000001db99d93000 	C:\Program Files\Java\jre1.8.0_351\bin\api-ms-win-crt-locale-l1-1-0.dll
0x000001db99da0000 - 0x000001db99da5000 	C:\Program Files\Java\jre1.8.0_351\bin\api-ms-win-crt-math-l1-1-0.dll
0x000001db99db0000 - 0x000001db99db5000 	C:\Program Files\Java\jre1.8.0_351\bin\api-ms-win-crt-multibyte-l1-1-0.dll
0x000001db99dc0000 - 0x000001db99dd0000 	C:\Program Files\Java\jre1.8.0_351\bin\api-ms-win-crt-private-l1-1-0.dll
0x000001db99dd0000 - 0x000001db99dd3000 	C:\Program Files\Java\jre1.8.0_351\bin\api-ms-win-crt-process-l1-1-0.dll
0x000001db99de0000 - 0x000001db99de4000 	C:\Program Files\Java\jre1.8.0_351\bin\api-ms-win-crt-runtime-l1-1-0.dll
0x000001db99df0000 - 0x000001db99df4000 	C:\Program Files\Java\jre1.8.0_351\bin\api-ms-win-crt-stdio-l1-1-0.dll
0x000001db99e00000 - 0x000001db99e04000 	C:\Program Files\Java\jre1.8.0_351\bin\api-ms-win-crt-string-l1-1-0.dll
0x000001db99e10000 - 0x000001db99e13000 	C:\Program Files\Java\jre1.8.0_351\bin\api-ms-win-crt-time-l1-1-0.dll
0x000001db99e20000 - 0x000001db99e23000 	C:\Program Files\Java\jre1.8.0_351\bin\api-ms-win-crt-utility-l1-1-0.dll
0x00007ffa99860000 - 0x00007ffa9995a000 	C:\Program Files\Java\jre1.8.0_351\bin\ucrtbase.dll
0x00007ffaea2d0000 - 0x00007ffaea2dc000 	C:\Program Files\Java\jre1.8.0_351\bin\vcruntime140_1.dll
0x00007ffaea030000 - 0x00007ffaea039000 	C:\Program Files\Java\jre1.8.0_351\bin\msvcp140_1.dll
0x00007ffae9950000 - 0x00007ffae997f000 	C:\Program Files\Java\jre1.8.0_351\bin\msvcp140_2.dll
0x00007ffae91b0000 - 0x00007ffae91d3000 	C:\Program Files\Java\jre1.8.0_351\bin\prism_d3d.dll
0x00007ffac3a90000 - 0x00007ffac3c39000 	C:\WINDOWS\system32\d3d9.dll
0x00007ffafdab0000 - 0x00007ffafdadb000 	C:\WINDOWS\SYSTEM32\dwmapi.dll
0x00007ffafd780000 - 0x00007ffafd7b6000 	C:\WINDOWS\SYSTEM32\dxcore.dll
0x00007ffafd680000 - 0x00007ffafd72b000 	C:\WINDOWS\system32\uxtheme.dll
0x00007ffaf5020000 - 0x00007ffaf51d8000 	C:\WINDOWS\System32\DriverStore\FileRepository\u0371630.inf_amd64_a96c9babfd295d6e\B371320\aticfx64.dll
0x00007ffa7f4d0000 - 0x00007ffa7f504000 	C:\WINDOWS\System32\DriverStore\FileRepository\u0371630.inf_amd64_a96c9babfd295d6e\B371320\atiu9p64.dll
0x00007ffa7e770000 - 0x00007ffa7f4c4000 	C:\WINDOWS\System32\DriverStore\FileRepository\u0371630.inf_amd64_a96c9babfd295d6e\B371320\atiumd64.dll
0x00007ffb01040000 - 0x00007ffb011dc000 	C:\WINDOWS\System32\ole32.dll
0x00007ffafd1a0000 - 0x00007ffafd3ce000 	C:\WINDOWS\SYSTEM32\dbghelp.dll
0x00007ffb01bc0000 - 0x00007ffb01c97000 	C:\WINDOWS\System32\OLEAUT32.dll
0x00007ffafd150000 - 0x00007ffafd182000 	C:\WINDOWS\SYSTEM32\dbgcore.DLL
0x0000000076e50000 - 0x0000000077cc5000 	C:\WINDOWS\System32\DriverStore\FileRepository\u0371630.inf_amd64_a96c9babfd295d6e\B371320\atiumd6a.dll
0x00007ffb012a0000 - 0x00007ffb0171a000 	C:\WINDOWS\System32\SETUPAPI.dll
0x00007ffaffdc0000 - 0x00007ffaffe0d000 	C:\WINDOWS\SYSTEM32\POWRPROF.dll
0x00007ffaffc10000 - 0x00007ffaffc23000 	C:\WINDOWS\SYSTEM32\UMPDC.dll
0x00007ffaf49c0000 - 0x00007ffaf49f0000 	C:\WINDOWS\SYSTEM32\amdihk64.dll
0x00007ffaf9fa0000 - 0x00007ffaf9fe9000 	C:\WINDOWS\SYSTEM32\directxdatabasehelper.dll
0x00007ffae8c70000 - 0x00007ffae8cb2000 	C:\Program Files\Java\jre1.8.0_351\bin\glass.dll
0x00007ffb01d60000 - 0x00007ffb01e56000 	C:\WINDOWS\System32\COMDLG32.dll
0x00007ffb020b0000 - 0x00007ffb021ce000 	C:\WINDOWS\System32\MSCTF.dll
0x00007ffb00ad0000 - 0x00007ffb00b4b000 	C:\WINDOWS\System32\bcryptPrimitives.dll
0x00007ffae90f0000 - 0x00007ffae9104000 	C:\Program Files\Java\jre1.8.0_351\bin\javafx_font.dll
0x00007ffafbb20000 - 0x00007ffafbd87000 	C:\WINDOWS\SYSTEM32\dwrite.dll
0x00007ffb01a50000 - 0x00007ffb01b07000 	C:\WINDOWS\System32\clbcatq.dll
0x00007ffafb580000 - 0x00007ffafb730000 	C:\WINDOWS\SYSTEM32\WindowsCodecs.dll
0x00007ffae8ab0000 - 0x00007ffae8b0e000 	C:\WINDOWS\system32\dataexchange.dll
0x00007ffaf6830000 - 0x00007ffaf6a9a000 	C:\WINDOWS\system32\twinapi.appcore.dll
0x00007ffac24d0000 - 0x00007ffac2502000 	C:\Program Files\Common Files\Microsoft Shared\Ink\rtscom.dll
0x00007ffaf6660000 - 0x00007ffaf678d000 	C:\WINDOWS\SYSTEM32\textinputframework.dll
0x00007ffafcc30000 - 0x00007ffafcd63000 	C:\WINDOWS\SYSTEM32\CoreMessaging.dll
0x00007ffaf9490000 - 0x00007ffaf97fc000 	C:\WINDOWS\SYSTEM32\CoreUIComponents.dll
0x00007ffaff920000 - 0x00007ffaff92c000 	C:\WINDOWS\SYSTEM32\CRYPTBASE.DLL
0x00007ffabff40000 - 0x00007ffabffa9000 	C:\WINDOWS\system32\Oleacc.dll
0x00007ffabce20000 - 0x00007ffabd261000 	C:\WINDOWS\SYSTEM32\UIAutomationCore.DLL
0x00007ffaed6f0000 - 0x00007ffaed793000 	C:\Windows\System32\OneCoreCommonProxyStub.dll
0x00007ffae9030000 - 0x00007ffae9042000 	C:\Program Files\Java\jre1.8.0_351\bin\prism_common.dll
0x00007ffae8c50000 - 0x00007ffae8c6c000 	C:\Program Files\Java\jre1.8.0_351\bin\net.dll
0x00007ffaff650000 - 0x00007ffaff6b9000 	C:\WINDOWS\system32\mswsock.dll
0x00007ffafed10000 - 0x00007ffafee02000 	C:\WINDOWS\SYSTEM32\DNSAPI.dll
0x00007ffafece0000 - 0x00007ffafed0d000 	C:\WINDOWS\SYSTEM32\IPHLPAPI.DLL
0x00007ffb01e70000 - 0x00007ffb01e79000 	C:\WINDOWS\System32\NSI.dll
0x00007ffaf7b90000 - 0x00007ffaf7b9a000 	C:\Windows\System32\rasadhlp.dll
0x00007ffaf7490000 - 0x00007ffaf7513000 	C:\WINDOWS\System32\fwpuclnt.dll

VM Arguments:
jvm_args: -Dfile.encoding=UTF-8 
java_command: client.ClientApp
java_class_path (initial): C:\Users\nave1\git\EKrut\Ekrut\out\production\EKrut;C:\Users\nave1\git\EKrut\Ekrut\lib\mysql-connector-java-8.0.13.jar;C:\Users\nave1\Desktop\mini-project\ocsf.jar
Launcher Type: SUN_STANDARD

Environment Variables:
JAVA_HOME=C:\Program Files\BellSoft\LibericaJDK-11-Full\
PATH=C:/Users/nave1/.p2/pool/plugins/org.eclipse.justj.openjdk.hotspot.jre.full.win32.x86_64_17.0.4.v20221004-1257/jre/bin/server;C:/Users/nave1/.p2/pool/plugins/org.eclipse.justj.openjdk.hotspot.jre.full.win32.x86_64_17.0.4.v20221004-1257/jre/bin;C:\Program Files\Microsoft\jdk-11.0.12.7-hotspot\bin;C:\Program Files (x86)\Common Files\Oracle\Java\javapath;C:\Program Files\Oculus\Support\oculus-runtime;C:\Program Files\BellSoft\LibericaJDK-11-Full\bin\;C:\Program Files\Eclipse Adoptium\jdk-11.0.14.101-hotspot\bin;C:\Program Files\BellSoft\LibericaJDK-11\bin\;C:\Windows\system32;C:\Windows;C:\Windows\System32\Wbem;C:\Windows\System32\WindowsPowerShell\v1.0\;C:\Windows\System32\OpenSSH\;C:\Users\nave1\AppData\Local\Programs\Python\Python310\;C:\Users\nave1\AppData\Local\Programs\Python\Python310\Scripts\;C:\Program Files\dotnet\;C:\ProgramData\chocolatey\bin;C:\Gradle\gradle-7.4.2\bin;C:\Users\nave1\AppData\Local\Android\Sdk\platform-tools;C:\Users\nave1\AppData\Local\Android\sdk\emulator;C:\Users\nave1\AppData\Roaming\nvm;C:\Program Files\nodejs;C:\Program Files (x86)\PowerShell\7\;C:\Program Files\Git\cmd;C:\Program Files (x86)\Gpg4win\..\GnuPG\bin;C:\Program Files\Microsoft SQL Server\130\Tools\Binn\;C:\WINDOWS\system32;C:\WINDOWS;C:\WINDOWS\System32\Wbem;C:\WINDOWS\System32\WindowsPowerShell\v1.0\;C:\WINDOWS\System32\OpenSSH\;C:\Program Files\Microsoft SQL Server\150\Tools\Binn\;C:\Program Files\Maven\apache-maven-3.8.6-bin\bin;C:\Program Files\MySQL\MySQL Shell 8.0\bin\;C:\Users\nave1\AppData\Local\Android\sdk\platform-tools;C:\Users\nave1\AppData\Local\Android\sdk\tools;C:\Users\nave1\AppData\Local\Microsoft\WindowsApps;C:\Users\nave1\AppData\Local\Programs\Microsoft VS Code\bin;C:\Gradle\gradle-7.4.2\bin;C:\Users\nave1\AppData\Roaming\npm;C:\Users\nave1\AppData\Roaming\nvm;C:\Program Files\nodejs;C:\Users\nave1\.dotnet\tools;;C:\WINDOWS\system32;
USERNAME=nave1
OS=Windows_NT
PROCESSOR_IDENTIFIER=AMD64 Family 23 Model 104 Stepping 1, AuthenticAMD



---------------  S Y S T E M  ---------------

OS: Windows 11 , 64 bit Build 22621 (10.0.22621.755)

CPU:total 16 (initial active 16) (16 cores per cpu, 1 threads per core) family 23 model 104 stepping 1, cmov, cx8, fxsr, mmx, sse, sse2, sse3, ssse3, sse4.1, sse4.2, popcnt, avx, avx2, aes, clmul, mmxext, 3dnowpref, lzcnt, sse4a, tsc, tscinvbit, tscinv, bmi1

Memory: 4k page, physical 16097532k(5228368k free), swap 19645072k(2592200k free)

vm_info: Java HotSpot(TM) 64-Bit Server VM (25.351-b10) for windows-amd64 JRE (1.8.0_351-b10), built on Sep 15 2022 02:58:06 by "java_re" with MS VC++ 15.9 (VS2017)

time: Mon Dec  5 22:57:22 2022
timezone: Jerusalem Standard Time
elapsed time: 7.561918 seconds (0d 0h 0m 7s)

